[13:34:30] [main/WARN]: Ambiguity between arguments [teleport, destination] and [teleport, targets] with inputs: [Player, 0123, @e, dd12be42-52a9-4a91-a8a1-11c01849e498]
[13:34:30] [main/WARN]: Ambiguity between arguments [teleport, location] and [teleport, destination] with inputs: [0.1 -0.5 .9, 0 0 0]
[13:34:30] [main/WARN]: Ambiguity between arguments [teleport, location] and [teleport, targets] with inputs: [0.1 -0.5 .9, 0 0 0]
[13:34:30] [main/WARN]: Ambiguity between arguments [teleport, targets] and [teleport, destination] with inputs: [Player, 0123, dd12be42-52a9-4a91-a8a1-11c01849e498]
[13:34:30] [main/WARN]: Ambiguity between arguments [teleport, targets, location] and [teleport, targets, destination] with inputs: [0.1 -0.5 .9, 0 0 0]
[13:34:31] [Server thread/INFO]: Starting minecraft server version 1.14.4
[13:34:31] [Server thread/INFO]: Loading properties
[13:34:31] [Server thread/INFO]: Default game type: SURVIVAL
[13:34:31] [Server thread/INFO]: Generating keypair
[13:34:31] [Server thread/INFO]: Starting Minecraft server on *:25565
[13:34:31] [Server thread/INFO]: Using default channel type
[13:34:33] [Server thread/INFO]: Preparing level "serverWorld"
[13:34:33] [Server thread/INFO]: Reloading ResourceManager: Default
[13:34:34] [Server thread/INFO]: Loaded 6 recipes
[13:34:35] [Server thread/INFO]: Loaded 811 advancements
[13:34:49] [Server thread/INFO]: Preparing start region for dimension minecraft:overworld
[13:34:51] [Server thread/INFO]: Preparing spawn area: 0%
[13:34:51] [Server thread/INFO]: Preparing spawn area: 0%
[13:34:51] [Server thread/INFO]: Preparing spawn area: 0%
[13:34:51] [Server thread/INFO]: Preparing spawn area: 0%
[13:34:51] [Server thread/INFO]: Preparing spawn area: 0%
[13:34:51] [Server thread/INFO]: Preparing spawn area: 47%
[13:34:55] [Server-Worker-1/INFO]: Preparing spawn area: 83%
[13:34:55] [Server-Worker-1/INFO]: Preparing spawn area: 83%
[13:34:55] [Server-Worker-1/INFO]: Preparing spawn area: 83%
[13:34:55] [Server-Worker-1/INFO]: Preparing spawn area: 83%
[13:34:55] [Server-Worker-2/INFO]: Preparing spawn area: 83%
[13:34:55] [Server thread/INFO]: Preparing spawn area: 83%
[13:34:55] [Server-Worker-3/INFO]: Preparing spawn area: 83%
[13:34:55] [Server-Worker-3/INFO]: Preparing spawn area: 87%
[13:34:56] [Server-Worker-4/INFO]: Preparing spawn area: 87%
[13:34:56] [Server-Worker-6/INFO]: Preparing spawn area: 87%
[13:34:57] [Server-Worker-5/INFO]: Preparing spawn area: 89%
[13:34:57] [Server-Worker-3/INFO]: Preparing spawn area: 90%
[13:34:58] [Server thread/INFO]: Preparing spawn area: 92%
[13:34:58] [Server-Worker-6/INFO]: Preparing spawn area: 95%
[13:34:59] [Server-Worker-6/INFO]: Preparing spawn area: 97%
[13:34:59] [Server thread/INFO]: Time elapsed: 10248 ms
[13:34:59] [Server thread/INFO]: Done (25.897s)! For help, type "help"
[13:40:02] [Server thread/WARN]: Can't keep up! Is the server overloaded? Running 2433ms or 48 ticks behind
[13:50:47] [Server thread/INFO]: Stopping the server
[13:50:47] [Server thread/INFO]: Stopping server
[13:50:47] [Server thread/INFO]: Saving players
[13:50:47] [Server thread/INFO]: Saving worlds
[13:50:47] [Server thread/INFO]: Saving chunks for level 'serverWorld'/minecraft:overworld
[13:50:47] [Server thread/INFO]: ThreadedAnvilChunkStorage (serverWorld): All chunks are saved
[13:50:47] [Server thread/INFO]: Saving chunks for level 'serverWorld'/minecraft:the_end
[13:50:47] [Server thread/INFO]: ThreadedAnvilChunkStorage (DIM1): All chunks are saved
[13:50:47] [Server thread/INFO]: Saving chunks for level 'serverWorld'/minecraft:the_nether
[13:50:47] [Server thread/INFO]: ThreadedAnvilChunkStorage (DIM-1): All chunks are saved
[13:50:47] [Server thread/INFO]: ThreadedAnvilChunkStorage (serverWorld): All chunks are saved
[13:50:47] [Server thread/INFO]: ThreadedAnvilChunkStorage (DIM1): All chunks are saved
[13:50:47] [Server thread/INFO]: ThreadedAnvilChunkStorage (DIM-1): All chunks are saved
